<?xml version="1.0" encoding="UTF-8"?>
<testng-results skipped="0" failed="0" ignored="0" total="2" passed="2">
  <reporter-output>
  </reporter-output>
  <suite name="Default suite" duration-ms="3005" started-at="2018-12-07T19:36:02Z" finished-at="2018-12-07T19:36:05Z">
    <groups>
    </groups>
    <test name="Default test" duration-ms="3005" started-at="2018-12-07T19:36:02Z" finished-at="2018-12-07T19:36:05Z">
      <class name="com.qa.tests.GetAPITest">
        <test-method status="PASS" signature="setUp()[pri:0, instance:com.qa.tests.GetAPITest@482f8f11]" name="setUp" is-config="true" duration-ms="6" started-at="2018-12-07T19:36:02Z" finished-at="2018-12-07T19:36:02Z">
          <reporter-output>
          </reporter-output>
        </test-method> <!-- setUp -->
        <test-method status="PASS" signature="getAPITest()[pri:1, instance:com.qa.tests.GetAPITest@482f8f11]" name="getAPITest" duration-ms="1770" started-at="2018-12-07T19:36:02Z" finished-at="2018-12-07T19:36:04Z">
          <reporter-output>
          </reporter-output>
        </test-method> <!-- getAPITest -->
        <test-method status="PASS" signature="getAPITestWithHeaders()[pri:2, instance:com.qa.tests.GetAPITest@482f8f11]" name="getAPITestWithHeaders" duration-ms="1207" started-at="2018-12-07T19:36:04Z" finished-at="2018-12-07T19:36:05Z">
          <reporter-output>
          </reporter-output>
        </test-method> <!-- getAPITestWithHeaders -->
        <test-method status="PASS" signature="setUp()[pri:0, instance:com.qa.tests.GetAPITest@482f8f11]" name="setUp" is-config="true" duration-ms="0" started-at="2018-12-07T19:36:04Z" finished-at="2018-12-07T19:36:04Z">
          <reporter-output>
          </reporter-output>
        </test-method> <!-- setUp -->
      </class> <!-- com.qa.tests.GetAPITest -->
    </test> <!-- Default test -->
  </suite> <!-- Default suite -->
</testng-results>
